2025-08-02 12:47:41,024 - INFO - ====== WebDriver manager ======
2025-08-02 12:47:42,459 - INFO - Get LATEST chromedriver version for google-chrome
2025-08-02 12:47:42,603 - INFO - Get LATEST chromedriver version for google-chrome
2025-08-02 12:47:42,736 - INFO - Driver [C:\Users\2393481\.wdm\drivers\chromedriver\win64\138.0.7204.183\chromedriver-win32/chromedriver.exe] found in cache
2025-08-02 12:48:05,550 - INFO - 
============================================================
FORM ANALYSIS SUMMARY
============================================================
URL: https://forms.office.com/Pages/ResponsePage.aspx?id=WGeXB8aT70uz3FOGA9yRbsbr_tTOC29AvupnhyEvx8FUNlFMQlVGMFNQUjJNUFZOTUJTMlk0SElTWSQlQCN0PWcu&origin=QRCode
Page Title: Nexus (North Tower) Visitor Registration
Analysis Time: 20250802_124741

FORM ELEMENTS FOUND:
- Input Fields: 2
- Buttons: 7
- Dropdowns: 4
- Radio Buttons: 0
- Checkboxes: 0
- Interactive Elements: 73
- Total Form Elements: 13

KEY FINDINGS:
- INPUT:  | Placeholder: Enter your answer | Type: text
- INPUT:  | Placeholder: Enter your answer | Type: textarea
- BUTTON:  | Type: submit
- BUTTON: Next | Type: submit
- BUTTON: Microsoft Forms | Type: submit
- BUTTON: English (United States)
- BUTTON:  | Type: submit
- BUTTON: Select your answer
- BUTTON: Select your answer
- DROPDOWN: English (United States)
============================================================

2025-08-02 12:48:05,562 - INFO - 
============================================================
FORM ANALYSIS SUMMARY
============================================================
URL: https://forms.office.com/Pages/ResponsePage.aspx?id=WGeXB8aT70uz3FOGA9yRbsbr_tTOC29AvupnhyEvx8FUNlFMQlVGMFNQUjJNUFZOTUJTMlk0SElTWSQlQCN0PWcu&origin=QRCode
Page Title: Nexus (North Tower) Visitor Registration
Analysis Time: 20250802_124741

FORM ELEMENTS FOUND:
- Input Fields: 2
- Buttons: 7
- Dropdowns: 4
- Radio Buttons: 0
- Checkboxes: 0
- Interactive Elements: 73
- Total Form Elements: 13

KEY FINDINGS:
- INPUT:  | Placeholder: Enter your answer | Type: text
- INPUT:  | Placeholder: Enter your answer | Type: textarea
- BUTTON:  | Type: submit
- BUTTON: Next | Type: submit
- BUTTON: Microsoft Forms | Type: submit
- BUTTON: English (United States)
- BUTTON:  | Type: submit
- BUTTON: Select your answer
- BUTTON: Select your answer
- DROPDOWN: English (United States)
============================================================

