2025-08-02 13:25:22,608 - INFO - ====== WebDriver manager ======
2025-08-02 13:25:23,917 - INFO - Get LATEST chromedriver version for google-chrome
2025-08-02 13:25:24,106 - INFO - Get LATEST chromedriver version for google-chrome
2025-08-02 13:25:24,250 - INFO - Driver [C:\Users\2393481\.wdm\drivers\chromedriver\win64\138.0.7204.183\chromedriver-win32/chromedriver.exe] found in cache
2025-08-02 13:25:25,773 - INFO - 🔍 Starting enhanced analysis of: https://forms.office.com/Pages/ResponsePage.aspx?id=WGeXB8aT70uz3FOGA9yRbsbr_tTOC29AvupnhyEvx8FUNlFMQlVGMFNQUjJNUFZOTUJTMlk0SElTWSQlQCN0PWcu&origin=QRCode
2025-08-02 13:25:29,661 - INFO - 📄 Analyzing page 1
2025-08-02 13:25:31,194 - INFO - 📸 Screenshot saved: enhanced_analysis_results/screenshots/20250802_132522_custom_dropdown_1_closed.png
2025-08-02 13:25:32,719 - INFO - 📸 Screenshot saved: enhanced_analysis_results/screenshots/20250802_132522_custom_dropdown_1_opened.png
2025-08-02 13:25:34,100 - INFO - 📸 Screenshot saved: enhanced_analysis_results/screenshots/20250802_132522_custom_dropdown_2_closed.png
2025-08-02 13:25:35,752 - INFO - 📸 Screenshot saved: enhanced_analysis_results/screenshots/20250802_132522_custom_dropdown_2_opened.png
2025-08-02 13:25:37,750 - INFO - 📸 Screenshot saved: enhanced_analysis_results/screenshots/20250802_132522_custom_dropdown_3_closed.png
2025-08-02 13:25:39,318 - INFO - 📸 Screenshot saved: enhanced_analysis_results/screenshots/20250802_132522_custom_dropdown_3_opened.png
2025-08-02 13:25:41,833 - INFO - 📸 Screenshot saved: enhanced_analysis_results/screenshots/20250802_132522_page_1_analysis.png
2025-08-02 13:25:41,883 - INFO - 🔄 Found Next button: Next
2025-08-02 13:25:44,986 - INFO - 📄 Analyzing page 2
2025-08-02 13:25:45,929 - INFO - 📸 Screenshot saved: enhanced_analysis_results/screenshots/20250802_132522_custom_dropdown_1_closed.png
2025-08-02 13:25:47,460 - INFO - 📸 Screenshot saved: enhanced_analysis_results/screenshots/20250802_132522_custom_dropdown_1_opened.png
2025-08-02 13:25:48,773 - INFO - 📸 Screenshot saved: enhanced_analysis_results/screenshots/20250802_132522_custom_dropdown_2_closed.png
2025-08-02 13:25:50,282 - INFO - 📸 Screenshot saved: enhanced_analysis_results/screenshots/20250802_132522_custom_dropdown_2_opened.png
2025-08-02 13:25:51,800 - INFO - 📸 Screenshot saved: enhanced_analysis_results/screenshots/20250802_132522_custom_dropdown_3_closed.png
2025-08-02 13:25:53,372 - INFO - 📸 Screenshot saved: enhanced_analysis_results/screenshots/20250802_132522_custom_dropdown_3_opened.png
2025-08-02 13:25:55,774 - INFO - 📸 Screenshot saved: enhanced_analysis_results/screenshots/20250802_132522_page_2_analysis.png
2025-08-02 13:25:55,821 - INFO - 🔄 Found Next button: Next
2025-08-02 13:26:00,659 - WARNING - Retrying (Retry(total=2, connect=None, read=None, redirect=None, status=None)) after connection broken by 'NewConnectionError('<urllib3.connection.HTTPConnection object at 0x0000022005A97D90>: Failed to establish a new connection: [WinError 10061] No connection could be made because the target machine actively refused it')': /session/3127ae9ab018ccf547f4d49b51b254e6/element
2025-08-02 13:26:04,723 - WARNING - Retrying (Retry(total=1, connect=None, read=None, redirect=None, status=None)) after connection broken by 'NewConnectionError('<urllib3.connection.HTTPConnection object at 0x0000022005BBC050>: Failed to establish a new connection: [WinError 10061] No connection could be made because the target machine actively refused it')': /session/3127ae9ab018ccf547f4d49b51b254e6/element
2025-08-02 13:26:08,789 - WARNING - Retrying (Retry(total=0, connect=None, read=None, redirect=None, status=None)) after connection broken by 'NewConnectionError('<urllib3.connection.HTTPConnection object at 0x0000022005BC8050>: Failed to establish a new connection: [WinError 10061] No connection could be made because the target machine actively refused it')': /session/3127ae9ab018ccf547f4d49b51b254e6/element
2025-08-02 13:26:16,905 - WARNING - Retrying (Retry(total=2, connect=None, read=None, redirect=None, status=None)) after connection broken by 'NewConnectionError('<urllib3.connection.HTTPConnection object at 0x0000022005B7D250>: Failed to establish a new connection: [WinError 10061] No connection could be made because the target machine actively refused it')': /session/3127ae9ab018ccf547f4d49b51b254e6/element
2025-08-02 13:26:20,958 - WARNING - Retrying (Retry(total=1, connect=None, read=None, redirect=None, status=None)) after connection broken by 'NewConnectionError('<urllib3.connection.HTTPConnection object at 0x0000022005B916A0>: Failed to establish a new connection: [WinError 10061] No connection could be made because the target machine actively refused it')': /session/3127ae9ab018ccf547f4d49b51b254e6/element
2025-08-02 13:26:25,037 - WARNING - Retrying (Retry(total=0, connect=None, read=None, redirect=None, status=None)) after connection broken by 'NewConnectionError('<urllib3.connection.HTTPConnection object at 0x0000022005B918C0>: Failed to establish a new connection: [WinError 10061] No connection could be made because the target machine actively refused it')': /session/3127ae9ab018ccf547f4d49b51b254e6/element
2025-08-02 13:26:33,220 - WARNING - Retrying (Retry(total=2, connect=None, read=None, redirect=None, status=None)) after connection broken by 'NewConnectionError('<urllib3.connection.HTTPConnection object at 0x0000022005B91E10>: Failed to establish a new connection: [WinError 10061] No connection could be made because the target machine actively refused it')': /session/3127ae9ab018ccf547f4d49b51b254e6/element
2025-08-02 13:26:37,287 - WARNING - Retrying (Retry(total=1, connect=None, read=None, redirect=None, status=None)) after connection broken by 'NewConnectionError('<urllib3.connection.HTTPConnection object at 0x0000022005B92030>: Failed to establish a new connection: [WinError 10061] No connection could be made because the target machine actively refused it')': /session/3127ae9ab018ccf547f4d49b51b254e6/element
2025-08-02 13:26:41,321 - WARNING - Retrying (Retry(total=0, connect=None, read=None, redirect=None, status=None)) after connection broken by 'NewConnectionError('<urllib3.connection.HTTPConnection object at 0x0000022005B92250>: Failed to establish a new connection: [WinError 10061] No connection could be made because the target machine actively refused it')': /session/3127ae9ab018ccf547f4d49b51b254e6/element
2025-08-02 13:26:45,415 - INFO - ✅ Analysis complete! Reports saved:
2025-08-02 13:26:45,415 - INFO - 📄 JSON Report: enhanced_analysis_results/analysis_report_20250802_132522.json
2025-08-02 13:26:45,415 - INFO - 🐍 Automation Code: enhanced_analysis_results/generated_automation_20250802_132522.py
2025-08-02 13:26:45,416 - INFO - 📖 Human Report: enhanced_analysis_results/human_report_20250802_132522.md
2025-08-02 13:26:49,471 - WARNING - Retrying (Retry(total=2, connect=None, read=None, redirect=None, status=None)) after connection broken by 'NewConnectionError('<urllib3.connection.HTTPConnection object at 0x0000022005B927A0>: Failed to establish a new connection: [WinError 10061] No connection could be made because the target machine actively refused it')': /session/3127ae9ab018ccf547f4d49b51b254e6
